Arguments: 
  /home/sayantan/.nvm/versions/node/v9.3.0/bin/node /home/sayantan/.yarn/bin/yarn.js version

PATH: 
  /home/sayantan/go/bin/:/home/sayantan/Documents/Discord/:/home/sayantan/Documents/binaryen:/home/sayantan/Documents/wabt/out/clang/Debug:/home/sayantan/.yarn/bin:/home/sayantan/.config/yarn/global/node_modules/.bin:/home/sayantan/.nvm/versions/node/v9.3.0/bin:/home/sayantan/bin:/usr/local/bin:/home/sayantan/anaconda3/bin:/home/sayantan/bin:/usr/local/bin:/usr/local/bin:/usr/local/sbin:/usr/lib64/qt-3.3/bin:/home/sayantan/.cargo/bin:/usr/bin:/usr/sbin:/home/sayantan/bin:/home/sayantan/Android/Sdk/tools/bin:/home/sayantan/Android/Sdk/platform-tools:/opt/pycharm/bin:/opt/idea-IU/bin:/home/sayantan/.local/bin:/home/sayantan/Android/Sdk/tools/bin:/home/sayantan/Android/Sdk/platform-tools:/usr/local/go/bin:/home/sayantan/Documents/dart-sdk/bin:/opt/pycharm/bin:/opt/idea-IU/bin:/home/sayantan/.local/bin:/home/sayantan/flutter/bin:/home/sayantan/emsdk-portable:/home/sayantan/emsdk-portable/clang/fastcomp/build_incoming_64/bin:/home/sayantan/emsdk-portable/node/8.9.1_64bit/bin:/home/sayantan/emsdk-portable/emscripten/incoming:/home/sayantan/.rvm/bin

Yarn version: 
  1.9.4

Node version: 
  9.3.0

Platform: 
  linux x64

Trace: 
  Error: canceled
      at Interface.<anonymous> (/home/sayantan/.yarn/lib/cli.js:126002:13)
      at Interface.emit (events.js:159:13)
      at Interface._ttyWrite (readline.js:786:16)
      at ReadStream.onkeypress (readline.js:165:10)
      at ReadStream.emit (events.js:159:13)
      at emitKeys (internal/readline.js:420:14)
      at emitKeys.next (<anonymous>)
      at ReadStream.onData (readline.js:1022:36)
      at ReadStream.emit (events.js:159:13)
      at addChunk (_stream_readable.js:265:12)

npm manifest: 
  {
    "name": "nofu",
    "version": "1.0.0",
    "description": "A simple interpreter written in NodeJs",
    "main": "index.js",
    "author": "akritrime",
    "license": "MIT",
    "devDependencies": {
      "@types/node": "^10.9.2",
      "typescript": "^3.0.1"
    }
  }

yarn manifest: 
  No manifest

Lockfile: 
  # THIS IS AN AUTOGENERATED FILE. DO NOT EDIT THIS FILE DIRECTLY.
  # yarn lockfile v1
  
  
  "@types/node@^10.9.2":
    version "10.9.2"
    resolved "https://registry.yarnpkg.com/@types/node/-/node-10.9.2.tgz#f0ab8dced5cd6c56b26765e1c0d9e4fdcc9f2a00"
  
  typescript@^3.0.1:
    version "3.0.1"
    resolved "https://registry.yarnpkg.com/typescript/-/typescript-3.0.1.tgz#43738f29585d3a87575520a4b93ab6026ef11fdb"
